This is pdfTeX, Version 3.1415926-2.5-1.40.14 (TeX Live 2013) (format=pdflatex 2015.8.13)  27 NOV 2015 12:38
entering extended mode
 restricted \write18 enabled.
 %&-line parsing enabled.
**Report_Main.tex
(./Report_Main.tex
LaTeX2e <2011/06/27>
Babel <v3.8m> and hyphenation patterns for english, dumylang, nohyphenation, lo
aded.
(/usr/share/texlive/texmf-dist/tex/latex/base/article.cls
Document Class: article 2007/10/19 v1.4h Standard LaTeX document class
(/usr/share/texlive/texmf-dist/tex/latex/base/size12.clo
File: size12.clo 2007/10/19 v1.4h Standard LaTeX file (size option)
)
\c@part=\count79
\c@section=\count80
\c@subsection=\count81
\c@subsubsection=\count82
\c@paragraph=\count83
\c@subparagraph=\count84
\c@figure=\count85
\c@table=\count86
\abovecaptionskip=\skip41
\belowcaptionskip=\skip42
\bibindent=\dimen102
)
(/usr/share/texlive/texmf-dist/tex/latex/geometry/geometry.sty
Package: geometry 2010/09/12 v5.6 Page Geometry

(/usr/share/texlive/texmf-dist/tex/latex/graphics/keyval.sty
Package: keyval 1999/03/16 v1.13 key=value parser (DPC)
\KV@toks@=\toks14
)
(/usr/share/texlive/texmf-dist/tex/generic/oberdiek/ifpdf.sty
Package: ifpdf 2011/01/30 v2.3 Provides the ifpdf switch (HO)
Package ifpdf Info: pdfTeX in PDF mode is detected.
)
(/usr/share/texlive/texmf-dist/tex/generic/oberdiek/ifvtex.sty
Package: ifvtex 2010/03/01 v1.5 Detect VTeX and its facilities (HO)
Package ifvtex Info: VTeX not detected.
)
(/usr/share/texlive/texmf-dist/tex/generic/ifxetex/ifxetex.sty
Package: ifxetex 2010/09/12 v0.6 Provides ifxetex conditional
)
\Gm@cnth=\count87
\Gm@cntv=\count88
\c@Gm@tempcnt=\count89
\Gm@bindingoffset=\dimen103
\Gm@wd@mp=\dimen104
\Gm@odd@mp=\dimen105
\Gm@even@mp=\dimen106
\Gm@layoutwidth=\dimen107
\Gm@layoutheight=\dimen108
\Gm@layouthoffset=\dimen109
\Gm@layoutvoffset=\dimen110
\Gm@dimlist=\toks15
)
(/usr/share/texlive/texmf-dist/tex/latex/graphics/graphicx.sty
Package: graphicx 1999/02/16 v1.0f Enhanced LaTeX Graphics (DPC,SPQR)

(/usr/share/texlive/texmf-dist/tex/latex/graphics/graphics.sty
Package: graphics 2009/02/05 v1.0o Standard LaTeX Graphics (DPC,SPQR)

(/usr/share/texlive/texmf-dist/tex/latex/graphics/trig.sty
Package: trig 1999/03/16 v1.09 sin cos tan (DPC)
)
(/usr/share/texlive/texmf-dist/tex/latex/latexconfig/graphics.cfg
File: graphics.cfg 2010/04/23 v1.9 graphics configuration of TeX Live
)
Package graphics Info: Driver file: pdftex.def on input line 91.

(/usr/share/texlive/texmf-dist/tex/latex/pdftex-def/pdftex.def
File: pdftex.def 2011/05/27 v0.06d Graphics/color for pdfTeX

(/usr/share/texlive/texmf-dist/tex/generic/oberdiek/infwarerr.sty
Package: infwarerr 2010/04/08 v1.3 Providing info/warning/error messages (HO)
)
(/usr/share/texlive/texmf-dist/tex/generic/oberdiek/ltxcmds.sty
Package: ltxcmds 2011/11/09 v1.22 LaTeX kernel commands for general use (HO)
)
\Gread@gobject=\count90
))
\Gin@req@height=\dimen111
\Gin@req@width=\dimen112
)
(./Report_Main.aux)
\openout1 = `Report_Main.aux'.

LaTeX Font Info:    Checking defaults for OML/cmm/m/it on input line 26.
LaTeX Font Info:    ... okay on input line 26.
LaTeX Font Info:    Checking defaults for T1/cmr/m/n on input line 26.
LaTeX Font Info:    ... okay on input line 26.
LaTeX Font Info:    Checking defaults for OT1/cmr/m/n on input line 26.
LaTeX Font Info:    ... okay on input line 26.
LaTeX Font Info:    Checking defaults for OMS/cmsy/m/n on input line 26.
LaTeX Font Info:    ... okay on input line 26.
LaTeX Font Info:    Checking defaults for OMX/cmex/m/n on input line 26.
LaTeX Font Info:    ... okay on input line 26.
LaTeX Font Info:    Checking defaults for U/cmr/m/n on input line 26.
LaTeX Font Info:    ... okay on input line 26.

*geometry* driver: auto-detecting
*geometry* detected driver: pdftex
*geometry* verbose mode - [ preamble ] result:
* driver: pdftex
* paper: a4paper
* layout: <same size as paper>
* layoutoffset:(h,v)=(0.0pt,0.0pt)
* modes: 
* h-part:(L,W,R)=(72.26999pt, 452.9679pt, 72.26999pt)
* v-part:(T,H,B)=(101.40665pt, 653.3027pt, 90.3375pt)
* \paperwidth=597.50787pt
* \paperheight=845.04684pt
* \textwidth=452.9679pt
* \textheight=653.3027pt
* \oddsidemargin=0.0pt
* \evensidemargin=0.0pt
* \topmargin=-7.86334pt
* \headheight=12.0pt
* \headsep=25.0pt
* \topskip=12.0pt
* \footskip=30.0pt
* \marginparwidth=35.0pt
* \marginparsep=10.0pt
* \columnsep=10.0pt
* \skip\footins=10.8pt plus 4.0pt minus 2.0pt
* \hoffset=0.0pt
* \voffset=0.0pt
* \mag=1000
* \@twocolumnfalse
* \@twosidefalse
* \@mparswitchfalse
* \@reversemarginfalse
* (1in=72.27pt=25.4mm, 1cm=28.453pt)

(/usr/share/texlive/texmf-dist/tex/context/base/supp-pdf.mkii
[Loading MPS to PDF converter (version 2006.09.02).]
\scratchcounter=\count91
\scratchdimen=\dimen113
\scratchbox=\box26
\nofMPsegments=\count92
\nofMParguments=\count93
\everyMPshowfont=\toks16
\MPscratchCnt=\count94
\MPscratchDim=\dimen114
\MPnumerator=\count95
\makeMPintoPDFobject=\count96
\everyMPtoPDFconversion=\toks17
) (/usr/share/texlive/texmf-dist/tex/generic/oberdiek/pdftexcmds.sty
Package: pdftexcmds 2011/11/29 v0.20 Utility functions of pdfTeX for LuaTeX (HO
)

(/usr/share/texlive/texmf-dist/tex/generic/oberdiek/ifluatex.sty
Package: ifluatex 2010/03/01 v1.3 Provides the ifluatex switch (HO)
Package ifluatex Info: LuaTeX not detected.
)
Package pdftexcmds Info: LuaTeX not detected.
Package pdftexcmds Info: \pdf@primitive is available.
Package pdftexcmds Info: \pdf@ifprimitive is available.
Package pdftexcmds Info: \pdfdraftmode found.
)
(/usr/share/texlive/texmf-dist/tex/latex/oberdiek/epstopdf-base.sty
Package: epstopdf-base 2010/02/09 v2.5 Base part for package epstopdf

(/usr/share/texlive/texmf-dist/tex/latex/oberdiek/grfext.sty
Package: grfext 2010/08/19 v1.1 Manage graphics extensions (HO)

(/usr/share/texlive/texmf-dist/tex/generic/oberdiek/kvdefinekeys.sty
Package: kvdefinekeys 2011/04/07 v1.3 Define keys (HO)
))
(/usr/share/texlive/texmf-dist/tex/latex/oberdiek/kvoptions.sty
Package: kvoptions 2011/06/30 v3.11 Key value format for package options (HO)

(/usr/share/texlive/texmf-dist/tex/generic/oberdiek/kvsetkeys.sty
Package: kvsetkeys 2012/04/25 v1.16 Key value parser (HO)

(/usr/share/texlive/texmf-dist/tex/generic/oberdiek/etexcmds.sty
Package: etexcmds 2011/02/16 v1.5 Avoid name clashes with e-TeX commands (HO)
Package etexcmds Info: Could not find \expanded.
(etexcmds)             That can mean that you are not using pdfTeX 1.50 or
(etexcmds)             that some package has redefined \expanded.
(etexcmds)             In the latter case, load this package earlier.
)))
Package grfext Info: Graphics extension search list:
(grfext)             [.png,.pdf,.jpg,.mps,.jpeg,.jbig2,.jb2,.PNG,.PDF,.JPG,.JPE
G,.JBIG2,.JB2,.eps]
(grfext)             \AppendGraphicsExtensions on input line 452.

(/usr/share/texlive/texmf-dist/tex/latex/latexconfig/epstopdf-sys.cfg
File: epstopdf-sys.cfg 2010/07/13 v1.3 Configuration of (r)epstopdf for TeX Liv
e
))
LaTeX Font Info:    External font `cmex10' loaded for size
(Font)              <14.4> on input line 32.
LaTeX Font Info:    External font `cmex10' loaded for size
(Font)              <7> on input line 32.

(./Other/Abstract.tex

LaTeX Warning: Citation `LHCb' on page 1 undefined on input line 2.


Underfull \hbox (badness 10000) in paragraph at lines 2--5

 []

) [1


{/usr/share/texlive/texmf/fonts/map/pdftex/updmap/pdftex.map}]
(./Report_Main.toc
LaTeX Font Info:    External font `cmex10' loaded for size
(Font)              <12> on input line 2.
LaTeX Font Info:    External font `cmex10' loaded for size
(Font)              <8> on input line 2.
LaTeX Font Info:    External font `cmex10' loaded for size
(Font)              <6> on input line 2.
 [2])
\tf@toc=\write3
\openout3 = `Report_Main.toc'.

 [3] (./Overview/Introduction.tex
! Misplaced alignment tab character &.
l.6                   L_{GWL} &
                               = \sum_{f} ( \bar{\Psi}_{f} ( i \gamma^\mu \p...

? q
OK, entering \batchmode...
! Misplaced alignment tab character &.
<recently read> &
                 
l.7                       &
                           \frac{g}{\sqrt{2}}} \sum_{i} ( \bar{a}^i_L \gamma...
I can't figure out why you would want to use a tab mark
here. If you just want an ampersand, the remedy is
simple: Just type `I\&' now. But if some right brace
up above has ended a previous alignment prematurely,
you're probably due for more error messages, and you
might try typing `S' now just to see what is salvageable.

! Extra }, or forgotten $.
l.7                       &\frac{g}{\sqrt{2}}}
                                               \sum_{i} ( \bar{a}^i_L \gamma...
I've deleted a group-closing symbol because it seems to be
spurious, as in `$x}$'. But perhaps the } is legitimate and
you forgot something else, as in `\hbox{$x}'. In such cases
the way to recover is to insert both the forgotten and the
deleted material, e.g., by typing `I$}'.

! Misplaced alignment tab character &.
<recently read> &
                 
l.8                       &
                           \frac{g}{2x_w} \sum_f \bar{\Psi}_f \gamma^\mu ( I...
I can't figure out why you would want to use a tab mark
here. If you just want an ampersand, the remedy is
simple: Just type `I\&' now. But if some right brace
up above has ended a previous alignment prematurely,
you're probably due for more error messages, and you
might try typing `S' now just to see what is salvageable.

! Misplaced alignment tab character &.
<recently read> &
                 
l.9                       &
                           \frac{1}{4} | \partial_\mu A_v - \partial_v A_\mu...
I can't figure out why you would want to use a tab mark
here. If you just want an ampersand, the remedy is
simple: Just type `I\&' now. But if some right brace
up above has ended a previous alignment prematurely,
you're probably due for more error messages, and you
might try typing `S' now just to see what is salvageable.

! Misplaced alignment tab character &.
<recently read> &
                 
l.10                       &
                            \frac{1}{2} | \partial_\mu W^+_v - \partial_v W^...
I can't figure out why you would want to use a tab mark
here. If you just want an ampersand, the remedy is
simple: Just type `I\&' now. But if some right brace
up above has ended a previous alignment prematurely,
you're probably due for more error messages, and you
might try typing `S' now just to see what is salvageable.

! Misplaced alignment tab character &.
<recently read> &
                 
l.11                       &
                            \frac{1}{4} | \partial_\mu Z_v - \partial_v Z_\m...
I can't figure out why you would want to use a tab mark
here. If you just want an ampersand, the remedy is
simple: Just type `I\&' now. But if some right brace
up above has ended a previous alignment prematurely,
you're probably due for more error messages, and you
might try typing `S' now just to see what is salvageable.

! Misplaced alignment tab character &.
<recently read> &
                 
l.12                       &
                            \frac{1}{2} M^2_\eta \eta^2 - \frac{gM^2_\eta}{8...
I can't figure out why you would want to use a tab mark
here. If you just want an ampersand, the remedy is
simple: Just type `I\&' now. But if some right brace
up above has ended a previous alignment prematurely,
you're probably due for more error messages, and you
might try typing `S' now just to see what is salvageable.

! Misplaced alignment tab character &.
l.13                       &
                            | M_W W^+_\mu + \frac{g}{2} \eta W^+_\mu |^2 +  ...
I can't figure out why you would want to use a tab mark
here. If you just want an ampersand, the remedy is
simple: Just type `I\&' now. But if some right brace
up above has ended a previous alignment prematurely,
you're probably due for more error messages, and you
might try typing `S' now just to see what is salvageable.

! Misplaced alignment tab character &.
<recently read> &
                 
l.14                       &
                            \frac{1}{2} | \partial_\mu \eta + i M_Z Z_\mu + ...
I can't figure out why you would want to use a tab mark
here. If you just want an ampersand, the remedy is
simple: Just type `I\&' now. But if some right brace
up above has ended a previous alignment prematurely,
you're probably due for more error messages, and you
might try typing `S' now just to see what is salvageable.

! Misplaced alignment tab character &.
l.15                       &
                            \sum_f \frac{g m_f}{2 M_W} \bar{\Psi}_f \Psi_f \eta
I can't figure out why you would want to use a tab mark
here. If you just want an ampersand, the remedy is
simple: Just type `I\&' now. But if some right brace
up above has ended a previous alignment prematurely,
you're probably due for more error messages, and you
might try typing `S' now just to see what is salvageable.

! Missing $ inserted.
<inserted text> 
                $
l.16 
     
I've inserted a begin-math/end-math symbol since I think
you left one out. Proceed, with fingers crossed.

! Display math should end with $$.
<to be read again> 
                   \par 
l.16 
     
The `$' that I just saw supposedly matches a previous `$$'.
So I shall assume that you typed `$$' both times.


Overfull \hbox (1413.45049pt too wide) detected at line 16
\OML/cmm/m/it/12 L[] \OT1/cmr/m/n/12 = []([](\OML/cmm/m/it/12 i^^M[]@^^V \OMS/c
msy/m/n/12 ^^@ \OML/cmm/m/it/12 m[]\OT1/cmr/m/n/12 )	[] \OMS/cmsy/m/n/12 ^^@ \O
ML/cmm/m/it/12 eQ[][]^^M[]\OT1/cmr/m/n/12 	[]\OML/cmm/m/it/12 A[]\OT1/cmr/m/n/1
2 ) + [] [] []([]\OML/cmm/m/it/12 ^^M[]b[]W[] \OT1/cmr/m/n/12 + []\OML/cmm/m/it
/12 ^^M[]a[]W[]\OT1/cmr/m/n/12 ) + [] [] [] []\OML/cmm/m/it/12 ^^M[]\OT1/cmr/m/
n/12 (\OML/cmm/m/it/12 I[] \OMS/cmsy/m/n/12 ^^@ \OT1/cmr/m/n/12 2\OML/cmm/m/it/
12 s[]Q[] \OMS/cmsy/m/n/12 ^^@ \OML/cmm/m/it/12 I\OT1/cmr/m/n/12 6\OML/cmm/m/it
/12 e[]^^M[]\OT1/cmr/m/n/12 )	[]\OML/cmm/m/it/12 Z[] \OMS/cmsy/m/n/12 ^^@ [] []
j\OML/cmm/m/it/12 @[]A[] \OMS/cmsy/m/n/12 ^^@ \OML/cmm/m/it/12 @[]A[] \OMS/cmsy
/m/n/12 ^^@ \OML/cmm/m/it/12 ie\OT1/cmr/m/n/12 (\OML/cmm/m/it/12 W[]W[] \OMS/cm
sy/m/n/12 ^^@ \OML/cmm/m/it/12 W[]W[]\OT1/cmr/m/n/12 )\OMS/cmsy/m/n/12 j[] ^^@ 
[] []j\OML/cmm/m/it/12 @[]W[] \OMS/cmsy/m/n/12 ^^@ \OML/cmm/m/it/12 @[]W[] \OMS
/cmsy/m/n/12 ^^@ \OML/cmm/m/it/12 ie\OT1/cmr/m/n/12 (\OML/cmm/m/it/12 W[]A[] \O
MS/cmsy/m/n/12 ^^@ \OML/cmm/m/it/12 W[]A[]\OT1/cmr/m/n/12 ) + \OML/cmm/m/it/12 
ig[]c[]\OT1/cmr/m/n/12 (\OML/cmm/m/it/12 W[]Z[] \OMS/cmsy/m/n/12 ^^@ \OML/cmm/m
/it/12 W[]Z[]\OMS/cmsy/m/n/12 j[] ^^@ [] []j\OML/cmm/m/it/12 @[]Z[] \OMS/cmsy/m
/n/12 ^^@ \OML/cmm/m/it/12 @[]Z[] \OT1/cmr/m/n/12 + \OML/cmm/m/it/12 ig[]c[]\OT
1/cmr/m/n/12 (\OML/cmm/m/it/12 W[]W[] \OMS/cmsy/m/n/12 ^^@ \OML/cmm/m/it/12 W[]
W[]\OT1/cmr/m/n/12 )\OMS/cmsy/m/n/12 j[] ^^@ [] []\OML/cmm/m/it/12 M[]^^Q[] \OM
S/cmsy/m/n/12 ^^@ []\OML/cmm/m/it/12 ^^Q[] \OMS/cmsy/m/n/12 ^^@ []\OML/cmm/m/it
/12 ^^Q[] \OT1/cmr/m/n/12 + \OMS/cmsy/m/n/12 j\OML/cmm/m/it/12 M[]W[] \OT1/cmr/
m/n/12 + []\OML/cmm/m/it/12 ^^QW[]\OMS/cmsy/m/n/12 j[] \OT1/cmr/m/n/12 + [] []\
OMS/cmsy/m/n/12 j\OML/cmm/m/it/12 @[]^^Q \OT1/cmr/m/n/12 + \OML/cmm/m/it/12 iM[
]Z[] \OT1/cmr/m/n/12 + []\OML/cmm/m/it/12 ^^QZ[]\OMS/cmsy/m/n/12 j[] ^^@ [] [][
]\OT1/cmr/m/n/12 	[]\OML/cmm/m/it/12 ^^Q
 []

! You can't use `\eqno' in vertical mode.
\endequation ->\eqno 
                     \hbox {\@eqnnum }$$\@ignoretrue 
l.18 		\end{equation}
                     
Sorry, but I'm not programmed to handle this case;
I'll just pretend that you didn't ask for it.
If you're in the wrong mode, you might be able to
return to the right one by typing `I}' or `I$' or `I\par'.

! Missing $ inserted.
<inserted text> 
                $
l.18 		\end{equation}
                     
I've inserted something that you may have forgotten.
(See the <inserted text> above.)
With luck, this will get me unwedged. But if you
really didn't forget anything, try typing `2' now; then
my insertion and my current dilemma will both disappear.

! Display math should end with $$.
<to be read again> 
                   \endgroup 
l.18 		\end{equation}
                     
The `$' that I just saw supposedly matches a previous `$$'.
So I shall assume that you typed `$$' both times.

 <Figures/LHCb_Det.jpg, id=17, 616.704pt x 434.1018pt>
File: Figures/LHCb_Det.jpg Graphic file (type jpg)
 <use Figures/LHCb_Det.jpg>
Package pdftex.def Info: Figures/LHCb_Det.jpg used on input line 23.
(pdftex.def)             Requested size: 308.35124pt x 217.05037pt.
 [1 <./Figures/LHCb_Det.jpg>]) [2] (./Project_Work/Scrambling_Algorithms.tex) [
3] (./Project_Work/Event_Isolation_Flaging.tex) [4] (./Overview/Future_Developm
ent.tex) [5] (./Other/Conclusion.tex) (./Other/Acknowledgements.tex) [6] (./Rep
ort_Main.aux)

LaTeX Warning: There were undefined references.

 ) 
Here is how much of TeX's memory you used:
 2013 strings out of 495063
 29104 string characters out of 3182201
 94246 words of memory out of 3000000
 5165 multiletter control sequences out of 15000+200000
 10037 words of font info for 35 fonts, out of 3000000 for 9000
 14 hyphenation exceptions out of 8191
 37i,14n,23p,833b,220s stack positions out of 5000i,500n,10000p,200000b,50000s
</usr/share/texlive/texmf-dist/fonts/type1/public/amsfonts/cm/cmbx10.pfb></us
r/share/texlive/texmf-dist/fonts/type1/public/amsfonts/cm/cmbx12.pfb></usr/shar
e/texlive/texmf-dist/fonts/type1/public/amsfonts/cm/cmex10.pfb></usr/share/texl
ive/texmf-dist/fonts/type1/public/amsfonts/cm/cmmi12.pfb></usr/share/texlive/te
xmf-dist/fonts/type1/public/amsfonts/cm/cmmi8.pfb></usr/share/texlive/texmf-dis
t/fonts/type1/public/amsfonts/cm/cmr10.pfb></usr/share/texlive/texmf-dist/fonts
/type1/public/amsfonts/cm/cmr12.pfb></usr/share/texlive/texmf-dist/fonts/type1/
public/amsfonts/cm/cmr17.pfb></usr/share/texlive/texmf-dist/fonts/type1/public/
amsfonts/cm/cmr8.pfb></usr/share/texlive/texmf-dist/fonts/type1/public/amsfonts
/cm/cmsy10.pfb></usr/share/texlive/texmf-dist/fonts/type1/public/amsfonts/cm/cm
sy8.pfb>
Output written on Report_Main.pdf (9 pages, 300219 bytes).
PDF statistics:
 79 PDF objects out of 1000 (max. 8388607)
 55 compressed objects within 1 object stream
 0 named destinations out of 1000 (max. 500000)
 6 words of extra memory for PDF output out of 10000 (max. 10000000)

